<?xml version="1.0" encoding="UTF-8"?>
<!-- Generated by org.testng.reporters.JUnitXMLReporter -->
<testsuite ignored="6" hostname="Shiva" failures="0" tests="1" name="Default test" time="11.385" errors="0" timestamp="2025-02-13T13:15:37 IST">
  <testcase classname="ScrollDownTillBottomofPage" name="sendKeys" time="11.272"/>
  <testcase classname="ScrollDownTillBottomofPage" name="ScrollTillElement" time="0.0">
    <ignored/>
  </testcase> <!-- ScrollTillElement -->
  <testcase classname="ScrollDownTillBottomofPage" name="launchApplication" time="0.0">
    <ignored/>
  </testcase> <!-- launchApplication -->
  <testcase classname="ScrollDownTillBottomofPage" name="ScrollDownTillBottomOfPage" time="0.0">
    <ignored/>
  </testcase> <!-- ScrollDownTillBottomOfPage -->
  <testcase classname="ScrollDownTillBottomofPage" name="location" time="0.0">
    <ignored/>
  </testcase> <!-- location -->
  <testcase classname="ScrollDownTillBottomofPage" name="clickAnElement" time="0.0">
    <ignored/>
  </testcase> <!-- clickAnElement -->
  <testcase classname="ScrollDownTillBottomofPage" name="ScrollTillTopOfPage" time="0.0">
    <ignored/>
  </testcase> <!-- ScrollTillTopOfPage -->
</testsuite> <!-- Default test -->
