<?xml version="1.0" encoding="UTF-8"?>
<!-- Generated by org.testng.reporters.JUnitXMLReporter -->
<testsuite ignored="6" hostname="Shiva" failures="0" tests="1" name="Default test" time="17.831" errors="0" timestamp="2024-12-06T15:30:58 IST">
  <testcase classname="ScrollDownTillBottomofPage" name="ScrollTillElement" time="17.775"/>
  <testcase classname="ScrollDownTillBottomofPage" name="launchApplication" time="0.0">
    <ignored/>
  </testcase> <!-- launchApplication -->
  <testcase classname="ScrollDownTillBottomofPage" name="sendKeys" time="0.0">
    <ignored/>
  </testcase> <!-- sendKeys -->
  <testcase classname="ScrollDownTillBottomofPage" name="ScrollDownTillBottomOfPage" time="0.0">
    <ignored/>
  </testcase> <!-- ScrollDownTillBottomOfPage -->
  <testcase classname="ScrollDownTillBottomofPage" name="location" time="0.0">
    <ignored/>
  </testcase> <!-- location -->
  <testcase classname="ScrollDownTillBottomofPage" name="clickAnElement" time="0.0">
    <ignored/>
  </testcase> <!-- clickAnElement -->
  <testcase classname="ScrollDownTillBottomofPage" name="ScrollTillTopOfPage" time="0.0">
    <ignored/>
  </testcase> <!-- ScrollTillTopOfPage -->
</testsuite> <!-- Default test -->
