<?xml version="1.0" encoding="UTF-8"?>
<testng-results ignored="0" total="1" passed="1" failed="0" skipped="0">
  <reporter-output>
  </reporter-output>
  <suite started-at="2024-12-06T15:30:40 IST" name="Default suite" finished-at="2024-12-06T15:30:58 IST" duration-ms="17831">
    <groups>
    </groups>
    <test started-at="2024-12-06T15:30:40 IST" name="Default test" finished-at="2024-12-06T15:30:58 IST" duration-ms="17831">
      <class name="ScrollDownTillBottomofPage">
        <test-method signature="ScrollTillElement()[pri:0, instance:ScrollDownTillBottomofPage@942a29c]" started-at="2024-12-06T15:30:40 IST" name="ScrollTillElement" finished-at="2024-12-06T15:30:58 IST" duration-ms="17775" status="PASS">
          <reporter-output>
          </reporter-output>
        </test-method> <!-- ScrollTillElement -->
      </class> <!-- ScrollDownTillBottomofPage -->
    </test> <!-- Default test -->
  </suite> <!-- Default suite -->
</testng-results>
