<?xml version="1.0" encoding="UTF-8"?>
<testng-results ignored="0" total="1" passed="1" failed="0" skipped="0">
  <reporter-output>
  </reporter-output>
  <suite started-at="2025-02-13T13:15:26 IST" name="Default suite" finished-at="2025-02-13T13:15:37 IST" duration-ms="11385">
    <groups>
    </groups>
    <test started-at="2025-02-13T13:15:26 IST" name="Default test" finished-at="2025-02-13T13:15:37 IST" duration-ms="11385">
      <class name="ScrollDownTillBottomofPage">
        <test-method signature="sendKeys()[pri:0, instance:ScrollDownTillBottomofPage@942a29c]" started-at="2025-02-13T13:15:26 IST" name="sendKeys" finished-at="2025-02-13T13:15:37 IST" duration-ms="11272" status="PASS">
          <reporter-output>
          </reporter-output>
        </test-method> <!-- sendKeys -->
      </class> <!-- ScrollDownTillBottomofPage -->
    </test> <!-- Default test -->
  </suite> <!-- Default suite -->
</testng-results>
